Warnings encountered during the last execution of ms3 review (v1.2.4)
=====================================================================

Chord labels where the ratio of colored notes vs. all notes in a segment lies above 0.6:
                                       mc  mn mc_onset      label     chord_tones added_tones  n_colored  n_untouched  count_ratio
schumann_liederkreis MS3/op39n01.mscx  17  17        0  viio43(4)  (-3, -6, 3, 2)          ()          8            4     0.666667
                     MS3/op39n01.mscx  17  17      1/2     viio43  (-3, -6, 3, 0)          ()         12            0     1.000000
                     MS3/op39n02.mscx   2   2      3/8   viio7/ii  (3, 0, -3, -6)          ()          5            0     1.000000
                     MS3/op39n02.mscx   6   6        0        vi6     (-4, 0, -1)          ()         23            0     1.000000
                     MS3/op39n03.mscx  55  55      1/2    Fr6/VII  (5, 9, 11, 15)          ()          6            0     1.000000
                     MS3/op39n03.mscx  61  61        0  viio65/ii  (1, -2, -5, 4)          ()         12            0     1.000000
                     MS3/op39n03.mscx  69  69        0      V(64)       (5, 4, 8)          ()          8            5     0.615385
                     MS3/op39n05.mscx   4   4      1/4      viio2    (0, 9, 6, 3)          ()          3            0     1.000000
                     MS3/op39n05.mscx  44  44      1/8         ii       (6, 3, 7)          ()          5            3     0.625000
                     MS3/op39n08.mscx  16  16      1/4        VII       (5, 9, 6)          ()          5            0     1.000000
                     MS3/op39n09.mscx   4   4    11/16       V7/V   (6, 10, 7, 4)          ()          2            0     1.000000
                     MS3/op39n09.mscx   8   8      1/4     IV65/V    (8, 5, 2, 4)          ()          8            3     0.727273
                     MS3/op39n09.mscx   8   8    11/16        V/V      (6, 10, 7)          ()          2            0     1.000000
                     MS3/op39n09.mscx  20  20    11/16       V7/V   (6, 10, 7, 4)          ()          2            0     1.000000
                     MS3/op39n10.mscx   5   5      3/4   viio2/VI  (-4, 5, 2, -1)          ()          6            0     1.000000
                     MS3/op39n10.mscx  18  18      1/4  i[viio/VI      (5, 2, -1)          ()          5            3     0.625000
                     MS3/op39n11.mscx   5   5      3/8       V/ii      (6, 10, 7)          ()          4            2     0.666667
                     MS3/op39n11.mscx  11  11      3/8       V/ii      (6, 10, 7)          ()          4            2     0.666667
